::1 - - [16/Apr/2019:21:10:39 +0000] "GET /products?page=2 HTTP/1.1" 200 400 "-" "PostmanRuntime/7.6.1"
::1 - - [17/Apr/2019:05:19:19 +0000] "PUT /auth/signup HTTP/1.1" 422 40 "-" "PostmanRuntime/7.6.1"
::1 - - [17/Apr/2019:05:21:25 +0000] "PUT /auth/signup HTTP/1.1" 422 40 "-" "PostmanRuntime/7.6.1"
::1 - - [17/Apr/2019:05:22:17 +0000] "PUT /auth/signup HTTP/1.1" 422 144 "-" "PostmanRuntime/7.6.1"
::ffff:127.0.0.1 - - [17/Apr/2019:05:23:17 +0000] "PUT /auth/signup HTTP/1.1" 201 69 "-" "PostmanRuntime/7.6.1"
::1 - - [17/Apr/2019:05:27:08 +0000] "POST /auth/login HTTP/1.1" 200 482 "-" "PostmanRuntime/7.6.1"
::1 - - [17/Apr/2019:05:34:30 +0000] "GET /products?page=1 HTTP/1.1" 500 2350 "-" "PostmanRuntime/7.6.1"
::1 - - [17/Apr/2019:05:39:05 +0000] "GET /products?page=1 HTTP/1.1" 500 2350 "-" "PostmanRuntime/7.6.1"
::1 - - [17/Apr/2019:05:47:53 +0000] "GET /products?page=1 HTTP/1.1" 401 28 "-" "PostmanRuntime/7.6.1"
::1 - - [17/Apr/2019:05:56:09 +0000] "GET /products?page=1 HTTP/1.1" 401 28 "-" "PostmanRuntime/7.6.1"
::1 - - [17/Apr/2019:06:04:41 +0000] "GET /products?page=1 HTTP/1.1" 200 - "-" "PostmanRuntime/7.6.1"
::1 - - [17/Apr/2019:06:46:54 +0000] "PUT /product/815893000162 HTTP/1.1" 500 2214 "-" "PostmanRuntime/7.6.1"
::1 - - [17/Apr/2019:06:47:05 +0000] "PUT /products/815893000162 HTTP/1.1" 500 2350 "-" "PostmanRuntime/7.6.1"
::1 - - [17/Apr/2019:06:47:08 +0000] "PUT /products/815893000162 HTTP/1.1" 500 2350 "-" "PostmanRuntime/7.6.1"
::1 - - [17/Apr/2019:06:49:29 +0000] "PUT /products/815893000162 HTTP/1.1" 500 2350 "-" "PostmanRuntime/7.6.1"
::1 - - [17/Apr/2019:06:50:19 +0000] "PUT /products/815893000162 HTTP/1.1" 500 2350 "-" "PostmanRuntime/7.6.1"
::1 - - [17/Apr/2019:06:51:07 +0000] "PUT /products/815893000162 HTTP/1.1" 500 2350 "-" "PostmanRuntime/7.6.1"
::1 - - [17/Apr/2019:06:51:53 +0000] "DELETE /product/815893000162 HTTP/1.1" 500 2350 "-" "PostmanRuntime/7.6.1"
::1 - - [17/Apr/2019:06:52:30 +0000] "GET /products?page=1 HTTP/1.1" 500 2350 "-" "PostmanRuntime/7.6.1"
::1 - - [17/Apr/2019:06:54:14 +0000] "POST /auth/login HTTP/1.1" 200 482 "-" "PostmanRuntime/7.6.1"
::1 - - [17/Apr/2019:06:55:28 +0000] "GET /products?page=1 HTTP/1.1" 200 - "-" "PostmanRuntime/7.6.1"
::1 - - [17/Apr/2019:06:55:56 +0000] "PUT /products/815893000162 HTTP/1.1" 200 376 "-" "PostmanRuntime/7.6.1"
::1 - - [17/Apr/2019:06:58:09 +0000] "POST /product HTTP/1.1" 201 378 "-" "PostmanRuntime/7.6.1"
::1 - - [17/Apr/2019:06:59:03 +0000] "GET /products?page=1 HTTP/1.1" 500 2350 "-" "PostmanRuntime/7.6.1"
